<?xml version="1.0" encoding="UTF-8"?>
<!-- Generated by org.testng.reporters.JUnitReportReporter -->
<testsuite skipped="0" hostname="DESKTOP-F9KHF51" name="com.qa.linkedin.testcases.SearchDataDrivenTest" tests="5" failures="0" timestamp="2022-04-04T19:25:47 IST" time="34.844" errors="0">
  <testcase name="doLoginTest" time="9.254" classname="com.qa.linkedin.testcases.SearchDataDrivenTest"/>
  <system-out/>
  <testcase name="dosearchPeopleTest" time="6.372" classname="com.qa.linkedin.testcases.SearchDataDrivenTest"/>
  <system-out/>
  <testcase name="dosearchPeopleTest" time="6.281" classname="com.qa.linkedin.testcases.SearchDataDrivenTest"/>
  <system-out/>
  <testcase name="dosearchPeopleTest" time="6.374" classname="com.qa.linkedin.testcases.SearchDataDrivenTest"/>
  <system-out/>
  <testcase name="dosearchPeopleTest" time="6.563" classname="com.qa.linkedin.testcases.SearchDataDrivenTest"/>
  <system-out/>
</testsuite> <!-- com.qa.linkedin.testcases.SearchDataDrivenTest -->
